<?xml version="1.0" encoding="UTF-8"?>
<coverage generated="1688288790672" clover="3.2.0">
  <project timestamp="1688288790672" name="All files">
    <metrics statements="3" coveredstatements="2" conditionals="0" coveredconditionals="0" methods="3" coveredmethods="1" elements="6" coveredelements="3" complexity="0" loc="3" ncloc="3" packages="1" files="1" classes="1"/>
    <file name="Counter.jsx" path="/Users/wh8/Documents/h8/privateenglishclass/mytest/react-testing-library-vite/src/components/Counter.jsx">
      <metrics statements="3" coveredstatements="2" conditionals="0" coveredconditionals="0" methods="3" coveredmethods="1"/>
      <line num="7" count="5" type="stmt"/>
      <line num="8" count="4" type="stmt"/>
      <line num="20" count="0" type="stmt"/>
    </file>
  </project>
</coverage>
