{"/Users/wh8/Documents/h8/privateenglishclass/mytest/react-testing-library-vite/src/components/Counter.jsx": {"path":"/Users/wh8/Documents/h8/privateenglishclass/mytest/react-testing-library-vite/src/components/Counter.jsx","statementMap":{"0":{"start":{"line":5,"column":30},"end":{"line":5,"column":41}},"1":{"start":{"line":6,"column":4},"end":{"line":21,"column":5}},"2":{"start":{"line":10,"column":39},"end":{"line":10,"column":69}},"3":{"start":{"line":10,"column":59},"end":{"line":10,"column":68}}},"fnMap":{"0":{"name":"Counter","decl":{"start":{"line":4,"column":24},"end":{"line":4,"column":31}},"loc":{"start":{"line":4,"column":34},"end":{"line":22,"column":1}},"line":4},"1":{"name":"(anonymous_1)","decl":{"start":{"line":10,"column":33},"end":{"line":10,"column":34}},"loc":{"start":{"line":10,"column":39},"end":{"line":10,"column":69}},"line":10},"2":{"name":"(anonymous_2)","decl":{"start":{"line":10,"column":48},"end":{"line":10,"column":49}},"loc":{"start":{"line":10,"column":59},"end":{"line":10,"column":68}},"line":10}},"branchMap":{},"s":{"0":2,"1":2,"2":1,"3":1},"f":{"0":2,"1":1,"2":1},"b":{},"_coverageSchema":"1a1c01bbd47fc00a2c39e90264f33305004495a9","hash":"d04ce4c239e4f88eb7da0a6c278d1274abd6bff5"}
}
