{"/Users/wh8/Documents/h8/privateenglishclass/mytest/react-testing-library-vite/src/components/Counter.jsx": {"path":"/Users/wh8/Documents/h8/privateenglishclass/mytest/react-testing-library-vite/src/components/Counter.jsx","statementMap":{"0":{"start":{"line":7,"column":30},"end":{"line":7,"column":41}},"1":{"start":{"line":8,"column":4},"end":{"line":31,"column":5}},"2":{"start":{"line":20,"column":39},"end":{"line":20,"column":69}},"3":{"start":{"line":20,"column":59},"end":{"line":20,"column":68}}},"fnMap":{"0":{"name":"Counter","decl":{"start":{"line":6,"column":24},"end":{"line":6,"column":31}},"loc":{"start":{"line":6,"column":34},"end":{"line":32,"column":1}},"line":6},"1":{"name":"(anonymous_1)","decl":{"start":{"line":20,"column":33},"end":{"line":20,"column":34}},"loc":{"start":{"line":20,"column":39},"end":{"line":20,"column":69}},"line":20},"2":{"name":"(anonymous_2)","decl":{"start":{"line":20,"column":48},"end":{"line":20,"column":49}},"loc":{"start":{"line":20,"column":59},"end":{"line":20,"column":68}},"line":20}},"branchMap":{},"s":{"0":5,"1":4,"2":0,"3":0},"f":{"0":5,"1":0,"2":0},"b":{},"_coverageSchema":"1a1c01bbd47fc00a2c39e90264f33305004495a9","hash":"890e464dd47f65df87b55b4da6f575b5d8577ad3"}
}
